<?xml version="1.0" encoding="UTF-8"?>
<!-- Generated by org.testng.reporters.JUnitReportReporter -->
<testsuite skipped="0" hostname="DESKTOP-TG9AS6C" name="Naukri_mav.Naukri_Mav_Testng.naukri_test" tests="3" failures="0" timestamp="30 Nov 2018 06:40:17 GMT" time="41.639" errors="0">
  <testcase name="open" time="6.265" classname="Naukri_mav.Naukri_Mav_Testng.naukri_test"/>
  <testcase name="loginnaukri" time="34.876" classname="Naukri_mav.Naukri_Mav_Testng.naukri_test"/>
  <testcase name="editpref" time="0.498" classname="Naukri_mav.Naukri_Mav_Testng.naukri_test"/>
</testsuite> <!-- Naukri_mav.Naukri_Mav_Testng.naukri_test -->
