<?xml version="1.0" encoding="UTF-8"?>
<!-- Generated by org.testng.reporters.JUnitReportReporter -->
<testsuite skipped="0" hostname="DESKTOP-TG9AS6C" name="Naukri_mav.Naukri_Mav_Testng.naukri_test" tests="3" failures="0" timestamp="30 Nov 2018 06:52:36 GMT" time="66.573" errors="0">
  <testcase name="open" time="33.990" classname="Naukri_mav.Naukri_Mav_Testng.naukri_test"/>
  <testcase name="loginnaukri" time="32.127" classname="Naukri_mav.Naukri_Mav_Testng.naukri_test"/>
  <testcase name="editpref" time="0.456" classname="Naukri_mav.Naukri_Mav_Testng.naukri_test"/>
</testsuite> <!-- Naukri_mav.Naukri_Mav_Testng.naukri_test -->
